<?xml version="1.0" encoding="UTF-8"?>
<testng-results skipped="0" failed="0" ignored="0" total="1" passed="1">
  <reporter-output>
    <line>
      <![CDATA[---------Starting Test---------]]>
    </line>
    <line>
      <![CDATA[=====starting execution======FetchNameAndPriceforIphone]]>
    </line>
    <line>
      <![CDATA[---------Navigated to Flipcart.com HomePage------------]]>
    </line>
    <line>
      <![CDATA[---------Closing popup------------]]>
    </line>
    <line>
      <![CDATA[---------Entering input data :IPHONE into editbox------------]]>
    </line>
    <line>
      <![CDATA[---------Clicking search------------]]>
    </line>
    <line>
      <![CDATA[---------Redirecting to Results of the search--------------]]>
    </line>
    <line>
      <![CDATA[----No.of Phones---:24]]>
    </line>
    <line>
      <![CDATA[----------setdata FAILED----------------]]>
    </line>
    <line>
      <![CDATA[----------setdata FAILED----------------]]>
    </line>
    <line>
      <![CDATA[----------setdata FAILED----------------]]>
    </line>
    <line>
      <![CDATA[----------setdata FAILED----------------]]>
    </line>
    <line>
      <![CDATA[----------setdata FAILED----------------]]>
    </line>
    <line>
      <![CDATA[----------setdata FAILED----------------]]>
    </line>
    <line>
      <![CDATA[----------setdata FAILED----------------]]>
    </line>
    <line>
      <![CDATA[----------setdata FAILED----------------]]>
    </line>
    <line>
      <![CDATA[----------setdata FAILED----------------]]>
    </line>
    <line>
      <![CDATA[----------setdata FAILED----------------]]>
    </line>
    <line>
      <![CDATA[----------setdata FAILED----------------]]>
    </line>
    <line>
      <![CDATA[----------setdata FAILED----------------]]>
    </line>
    <line>
      <![CDATA[----------setdata FAILED----------------]]>
    </line>
    <line>
      <![CDATA[----------setdata FAILED----------------]]>
    </line>
    <line>
      <![CDATA[----------setdata FAILED----------------]]>
    </line>
    <line>
      <![CDATA[----------setdata FAILED----------------]]>
    </line>
    <line>
      <![CDATA[----------setdata FAILED----------------]]>
    </line>
    <line>
      <![CDATA[----------setdata FAILED----------------]]>
    </line>
    <line>
      <![CDATA[----------setdata FAILED----------------]]>
    </line>
    <line>
      <![CDATA[----------setdata FAILED----------------]]>
    </line>
    <line>
      <![CDATA[----------setdata FAILED----------------]]>
    </line>
    <line>
      <![CDATA[----------setdata FAILED----------------]]>
    </line>
    <line>
      <![CDATA[----------setdata FAILED----------------]]>
    </line>
    <line>
      <![CDATA[----------setdata FAILED----------------]]>
    </line>
    <line>
      <![CDATA[-----no.of prices- pricelist------:24]]>
    </line>
    <line>
      <![CDATA[----------setdata FAILED----------------]]>
    </line>
    <line>
      <![CDATA[----------setdata FAILED----------------]]>
    </line>
    <line>
      <![CDATA[----------setdata FAILED----------------]]>
    </line>
    <line>
      <![CDATA[----------setdata FAILED----------------]]>
    </line>
    <line>
      <![CDATA[----------setdata FAILED----------------]]>
    </line>
    <line>
      <![CDATA[----------setdata FAILED----------------]]>
    </line>
    <line>
      <![CDATA[----------setdata FAILED----------------]]>
    </line>
    <line>
      <![CDATA[----------setdata FAILED----------------]]>
    </line>
    <line>
      <![CDATA[----------setdata FAILED----------------]]>
    </line>
    <line>
      <![CDATA[----------setdata FAILED----------------]]>
    </line>
    <line>
      <![CDATA[----------setdata FAILED----------------]]>
    </line>
    <line>
      <![CDATA[----------setdata FAILED----------------]]>
    </line>
    <line>
      <![CDATA[----------setdata FAILED----------------]]>
    </line>
    <line>
      <![CDATA[----------setdata FAILED----------------]]>
    </line>
    <line>
      <![CDATA[----------setdata FAILED----------------]]>
    </line>
    <line>
      <![CDATA[----------setdata FAILED----------------]]>
    </line>
    <line>
      <![CDATA[----------setdata FAILED----------------]]>
    </line>
    <line>
      <![CDATA[----------setdata FAILED----------------]]>
    </line>
    <line>
      <![CDATA[----------setdata FAILED----------------]]>
    </line>
    <line>
      <![CDATA[----------setdata FAILED----------------]]>
    </line>
    <line>
      <![CDATA[----------setdata FAILED----------------]]>
    </line>
    <line>
      <![CDATA[----------setdata FAILED----------------]]>
    </line>
    <line>
      <![CDATA[----------setdata FAILED----------------]]>
    </line>
    <line>
      <![CDATA[----------setdata FAILED----------------]]>
    </line>
    <line>
      <![CDATA[---------Search results Set to Excelsheet--------------]]>
    </line>
    <line>
      <![CDATA[---------Ending test-------------]]>
    </line>
    <line>
      <![CDATA[Test :FetchNameAndPriceforIphone is PASSSED]]>
    </line>
    <line>
      <![CDATA[Testname : FetchNameAndPriceforIphoneStatus :PASS1]]>
    </line>
  </reporter-output>
  <suite name="Default suite" duration-ms="17628" started-at="2019-06-23T19:35:45Z" finished-at="2019-06-23T19:36:03Z">
    <groups>
    </groups>
    <test name="Default test" duration-ms="17628" started-at="2019-06-23T19:35:45Z" finished-at="2019-06-23T19:36:03Z">
      <class name="com.framework.fetchtheprice.fetch_the_price.FetchNameAndPriceTest">
        <test-method status="PASS" signature="openAPP(java.lang.String, java.lang.String)[pri:0, instance:com.framework.fetchtheprice.fetch_the_price.FetchNameAndPriceTest@1bce4f0a]" name="openAPP" is-config="true" duration-ms="10723" started-at="2019-06-24T01:05:45Z" finished-at="2019-06-24T01:05:56Z">
          <params>
            <param index="0">
              <value>
                <![CDATA[localhost]]>
              </value>
            </param>
            <param index="1">
              <value>
                <![CDATA[chrome]]>
              </value>
            </param>
          </params>
          <reporter-output>
          </reporter-output>
        </test-method> <!-- openAPP -->
        <test-method status="PASS" signature="FetchNameAndPriceforIphone()[pri:0, instance:com.framework.fetchtheprice.fetch_the_price.FetchNameAndPriceTest@1bce4f0a]" name="FetchNameAndPriceforIphone" duration-ms="6124" started-at="2019-06-24T01:05:56Z" finished-at="2019-06-24T01:06:02Z">
          <reporter-output>
            <line>
              <![CDATA[=====starting execution======FetchNameAndPriceforIphone]]>
            </line>
            <line>
              <![CDATA[---------Navigated to Flipcart.com HomePage------------]]>
            </line>
            <line>
              <![CDATA[---------Closing popup------------]]>
            </line>
            <line>
              <![CDATA[---------Entering input data :IPHONE into editbox------------]]>
            </line>
            <line>
              <![CDATA[---------Clicking search------------]]>
            </line>
            <line>
              <![CDATA[---------Redirecting to Results of the search--------------]]>
            </line>
            <line>
              <![CDATA[----No.of Phones---:24]]>
            </line>
            <line>
              <![CDATA[----------setdata FAILED----------------]]>
            </line>
            <line>
              <![CDATA[----------setdata FAILED----------------]]>
            </line>
            <line>
              <![CDATA[----------setdata FAILED----------------]]>
            </line>
            <line>
              <![CDATA[----------setdata FAILED----------------]]>
            </line>
            <line>
              <![CDATA[----------setdata FAILED----------------]]>
            </line>
            <line>
              <![CDATA[----------setdata FAILED----------------]]>
            </line>
            <line>
              <![CDATA[----------setdata FAILED----------------]]>
            </line>
            <line>
              <![CDATA[----------setdata FAILED----------------]]>
            </line>
            <line>
              <![CDATA[----------setdata FAILED----------------]]>
            </line>
            <line>
              <![CDATA[----------setdata FAILED----------------]]>
            </line>
            <line>
              <![CDATA[----------setdata FAILED----------------]]>
            </line>
            <line>
              <![CDATA[----------setdata FAILED----------------]]>
            </line>
            <line>
              <![CDATA[----------setdata FAILED----------------]]>
            </line>
            <line>
              <![CDATA[----------setdata FAILED----------------]]>
            </line>
            <line>
              <![CDATA[----------setdata FAILED----------------]]>
            </line>
            <line>
              <![CDATA[----------setdata FAILED----------------]]>
            </line>
            <line>
              <![CDATA[----------setdata FAILED----------------]]>
            </line>
            <line>
              <![CDATA[----------setdata FAILED----------------]]>
            </line>
            <line>
              <![CDATA[----------setdata FAILED----------------]]>
            </line>
            <line>
              <![CDATA[----------setdata FAILED----------------]]>
            </line>
            <line>
              <![CDATA[----------setdata FAILED----------------]]>
            </line>
            <line>
              <![CDATA[----------setdata FAILED----------------]]>
            </line>
            <line>
              <![CDATA[----------setdata FAILED----------------]]>
            </line>
            <line>
              <![CDATA[----------setdata FAILED----------------]]>
            </line>
            <line>
              <![CDATA[-----no.of prices- pricelist------:24]]>
            </line>
            <line>
              <![CDATA[----------setdata FAILED----------------]]>
            </line>
            <line>
              <![CDATA[----------setdata FAILED----------------]]>
            </line>
            <line>
              <![CDATA[----------setdata FAILED----------------]]>
            </line>
            <line>
              <![CDATA[----------setdata FAILED----------------]]>
            </line>
            <line>
              <![CDATA[----------setdata FAILED----------------]]>
            </line>
            <line>
              <![CDATA[----------setdata FAILED----------------]]>
            </line>
            <line>
              <![CDATA[----------setdata FAILED----------------]]>
            </line>
            <line>
              <![CDATA[----------setdata FAILED----------------]]>
            </line>
            <line>
              <![CDATA[----------setdata FAILED----------------]]>
            </line>
            <line>
              <![CDATA[----------setdata FAILED----------------]]>
            </line>
            <line>
              <![CDATA[----------setdata FAILED----------------]]>
            </line>
            <line>
              <![CDATA[----------setdata FAILED----------------]]>
            </line>
            <line>
              <![CDATA[----------setdata FAILED----------------]]>
            </line>
            <line>
              <![CDATA[----------setdata FAILED----------------]]>
            </line>
            <line>
              <![CDATA[----------setdata FAILED----------------]]>
            </line>
            <line>
              <![CDATA[----------setdata FAILED----------------]]>
            </line>
            <line>
              <![CDATA[----------setdata FAILED----------------]]>
            </line>
            <line>
              <![CDATA[----------setdata FAILED----------------]]>
            </line>
            <line>
              <![CDATA[----------setdata FAILED----------------]]>
            </line>
            <line>
              <![CDATA[----------setdata FAILED----------------]]>
            </line>
            <line>
              <![CDATA[----------setdata FAILED----------------]]>
            </line>
            <line>
              <![CDATA[----------setdata FAILED----------------]]>
            </line>
            <line>
              <![CDATA[----------setdata FAILED----------------]]>
            </line>
            <line>
              <![CDATA[----------setdata FAILED----------------]]>
            </line>
            <line>
              <![CDATA[---------Search results Set to Excelsheet--------------]]>
            </line>
            <line>
              <![CDATA[---------Ending test-------------]]>
            </line>
            <line>
              <![CDATA[Test :FetchNameAndPriceforIphone is PASSSED]]>
            </line>
          </reporter-output>
        </test-method> <!-- FetchNameAndPriceforIphone -->
        <test-method status="PASS" signature="closeAPP(org.testng.ITestResult)[pri:0, instance:com.framework.fetchtheprice.fetch_the_price.FetchNameAndPriceTest@1bce4f0a]" name="closeAPP" is-config="true" duration-ms="749" started-at="2019-06-24T01:06:02Z" finished-at="2019-06-24T01:06:03Z">
          <params>
            <param index="0">
              <value>
                <![CDATA[[TestResult name=FetchNameAndPriceforIphone status=SUCCESS method=FetchNameAndPriceTest.FetchNameAndPriceforIphone()[pri:0, instance:com.framework.fetchtheprice.fetch_the_price.FetchNameAndPriceTest@1bce4f0a] output======starting execution======FetchNameAndPriceforIphone]]]>
              </value>
            </param>
          </params>
          <reporter-output>
            <line>
              <![CDATA[Testname : FetchNameAndPriceforIphoneStatus :PASS1]]>
            </line>
          </reporter-output>
        </test-method> <!-- closeAPP -->
      </class> <!-- com.framework.fetchtheprice.fetch_the_price.FetchNameAndPriceTest -->
    </test> <!-- Default test -->
  </suite> <!-- Default suite -->
</testng-results>
