<?xml version="1.0" encoding="UTF-8"?>
<testng-results skipped="0" failed="0" ignored="0" total="1" passed="1">
  <reporter-output>
    <line>
      <![CDATA[---------Starting Test---------]]>
    </line>
    <line>
      <![CDATA[=====starting execution======FetchNameAndPriceforIphone]]>
    </line>
    <line>
      <![CDATA[---------Navigated to Flipcart.com HomePage------------]]>
    </line>
    <line>
      <![CDATA[---------Closing popup------------]]>
    </line>
    <line>
      <![CDATA[---------Entering input data :IPHONE into editbox------------]]>
    </line>
    <line>
      <![CDATA[---------Clicking search------------]]>
    </line>
    <line>
      <![CDATA[---------Redirecting to Results of the search--------------]]>
    </line>
    <line>
      <![CDATA[----No.of Phones---:24]]>
    </line>
    <line>
      <![CDATA[Apple iPhone X (Silver, 64 GB)]]>
    </line>
    <line>
      <![CDATA[----java.io.FileOutputStream@7b5a12ae--successfull---]]>
    </line>
    <line>
      <![CDATA[Apple iPhone X (Space Gray, 64 GB)]]>
    </line>
    <line>
      <![CDATA[----java.io.FileOutputStream@47a5b70d--successfull---]]>
    </line>
    <line>
      <![CDATA[Apple iPhone 6s (Rose Gold, 32 GB)]]>
    </line>
    <line>
      <![CDATA[----java.io.FileOutputStream@c5ee75e--successfull---]]>
    </line>
    <line>
      <![CDATA[Apple iPhone 6s (Silver, 32 GB)]]>
    </line>
    <line>
      <![CDATA[----java.io.FileOutputStream@f478a81--successfull---]]>
    </line>
    <line>
      <![CDATA[Apple iPhone XR (Black, 64 GB)]]>
    </line>
    <line>
      <![CDATA[----java.io.FileOutputStream@32811494--successfull---]]>
    </line>
    <line>
      <![CDATA[Apple iPhone 6s Plus (Silver, 32 GB)]]>
    </line>
    <line>
      <![CDATA[----java.io.FileOutputStream@6475472c--successfull---]]>
    </line>
    <line>
      <![CDATA[Apple iPhone 6s (Gold, 32 GB)]]>
    </line>
    <line>
      <![CDATA[----java.io.FileOutputStream@1951b871--successfull---]]>
    </line>
    <line>
      <![CDATA[Apple iPhone 6s (Space Grey, 32 GB)]]>
    </line>
    <line>
      <![CDATA[----java.io.FileOutputStream@463b4ac8--successfull---]]>
    </line>
    <line>
      <![CDATA[Apple iPhone 6s Plus (Space Grey, 32 GB)]]>
    </line>
    <line>
      <![CDATA[----java.io.FileOutputStream@2a7686a7--successfull---]]>
    </line>
    <line>
      <![CDATA[Apple iPhone XR ((PRODUCT)RED, 64 GB)]]>
    </line>
    <line>
      <![CDATA[----java.io.FileOutputStream@4351c8c3--successfull---]]>
    </line>
    <line>
      <![CDATA[Apple iPhone XR (Black, 128 GB)]]>
    </line>
    <line>
      <![CDATA[----java.io.FileOutputStream@774698ab--successfull---]]>
    </line>
    <line>
      <![CDATA[Apple iPhone XR (White, 64 GB)]]>
    </line>
    <line>
      <![CDATA[----java.io.FileOutputStream@2ccca26f--successfull---]]>
    </line>
    <line>
      <![CDATA[Apple iPhone XR (White, 128 GB)]]>
    </line>
    <line>
      <![CDATA[----java.io.FileOutputStream@5bd82fed--successfull---]]>
    </line>
    <line>
      <![CDATA[Apple iPhone XR (Blue, 64 GB)]]>
    </line>
    <line>
      <![CDATA[----java.io.FileOutputStream@20a14b55--successfull---]]>
    </line>
    <line>
      <![CDATA[Apple iPhone XR (Coral, 128 GB)]]>
    </line>
    <line>
      <![CDATA[----java.io.FileOutputStream@3dd1dc90--successfull---]]>
    </line>
    <line>
      <![CDATA[Apple iPhone 6s Plus (Gold, 32 GB)]]>
    </line>
    <line>
      <![CDATA[----java.io.FileOutputStream@36f48b4--successfull---]]>
    </line>
    <line>
      <![CDATA[Apple iPhone XR (Blue, 128 GB)]]>
    </line>
    <line>
      <![CDATA[----java.io.FileOutputStream@6aecbb8d--successfull---]]>
    </line>
    <line>
      <![CDATA[Apple iPhone 7 (Rose Gold, 128 GB)]]>
    </line>
    <line>
      <![CDATA[----java.io.FileOutputStream@21baa903--successfull---]]>
    </line>
    <line>
      <![CDATA[Apple iPhone 6s Plus (Silver, 16 GB)]]>
    </line>
    <line>
      <![CDATA[----java.io.FileOutputStream@6eeade6c--successfull---]]>
    </line>
    <line>
      <![CDATA[Apple iPhone 7 (Silver, 32 GB)]]>
    </line>
    <line>
      <![CDATA[----java.io.FileOutputStream@57fd91c9--successfull---]]>
    </line>
    <line>
      <![CDATA[Apple iPhone XR (Coral, 64 GB)]]>
    </line>
    <line>
      <![CDATA[----java.io.FileOutputStream@56a4479a--successfull---]]>
    </line>
    <line>
      <![CDATA[Apple iPhone 8 (Gold, 64 GB)]]>
    </line>
    <line>
      <![CDATA[----java.io.FileOutputStream@57eda880--successfull---]]>
    </line>
    <line>
      <![CDATA[Apple iPhone XR (Yellow, 256 GB)]]>
    </line>
    <line>
      <![CDATA[----java.io.FileOutputStream@788fcafb--successfull---]]>
    </line>
    <line>
      <![CDATA[Apple iPhone 8 Plus (Space Grey, 256 GB)]]>
    </line>
    <line>
      <![CDATA[----java.io.FileOutputStream@201b6b6f--successfull---]]>
    </line>
    <line>
      <![CDATA[-----no.of prices- pricelist------:24]]>
    </line>
    <line>
      <![CDATA[₹69,999]]>
    </line>
    <line>
      <![CDATA[----java.io.FileOutputStream@56bca85b--successfull---]]>
    </line>
    <line>
      <![CDATA[₹69,999]]>
    </line>
    <line>
      <![CDATA[----java.io.FileOutputStream@4b672daa--successfull---]]>
    </line>
    <line>
      <![CDATA[₹29,799]]>
    </line>
    <line>
      <![CDATA[----java.io.FileOutputStream@7b324585--successfull---]]>
    </line>
    <line>
      <![CDATA[₹29,799]]>
    </line>
    <line>
      <![CDATA[----java.io.FileOutputStream@6f8f9349--successfull---]]>
    </line>
    <line>
      <![CDATA[₹59,900]]>
    </line>
    <line>
      <![CDATA[----java.io.FileOutputStream@4879f0f2--successfull---]]>
    </line>
    <line>
      <![CDATA[₹34,900]]>
    </line>
    <line>
      <![CDATA[----java.io.FileOutputStream@1fdfafd2--successfull---]]>
    </line>
    <line>
      <![CDATA[₹29,799]]>
    </line>
    <line>
      <![CDATA[----java.io.FileOutputStream@30d4b288--successfull---]]>
    </line>
    <line>
      <![CDATA[₹29,590]]>
    </line>
    <line>
      <![CDATA[----java.io.FileOutputStream@75ed9710--successfull---]]>
    </line>
    <line>
      <![CDATA[₹34,900]]>
    </line>
    <line>
      <![CDATA[----java.io.FileOutputStream@27953a83--successfull---]]>
    </line>
    <line>
      <![CDATA[₹59,490]]>
    </line>
    <line>
      <![CDATA[----java.io.FileOutputStream@3b220bcb--successfull---]]>
    </line>
    <line>
      <![CDATA[₹64,900]]>
    </line>
    <line>
      <![CDATA[----java.io.FileOutputStream@3f053c80--successfull---]]>
    </line>
    <line>
      <![CDATA[₹59,900]]>
    </line>
    <line>
      <![CDATA[----java.io.FileOutputStream@285c08c8--successfull---]]>
    </line>
    <line>
      <![CDATA[₹64,900]]>
    </line>
    <line>
      <![CDATA[----java.io.FileOutputStream@7894f09b--successfull---]]>
    </line>
    <line>
      <![CDATA[₹59,900]]>
    </line>
    <line>
      <![CDATA[----java.io.FileOutputStream@4721d212--successfull---]]>
    </line>
    <line>
      <![CDATA[₹64,900]]>
    </line>
    <line>
      <![CDATA[----java.io.FileOutputStream@630cb4a4--successfull---]]>
    </line>
    <line>
      <![CDATA[₹39,990]]>
    </line>
    <line>
      <![CDATA[----java.io.FileOutputStream@652a7737--successfull---]]>
    </line>
    <line>
      <![CDATA[₹64,900]]>
    </line>
    <line>
      <![CDATA[----java.io.FileOutputStream@24d4d7c9--successfull---]]>
    </line>
    <line>
      <![CDATA[₹52,990]]>
    </line>
    <line>
      <![CDATA[----java.io.FileOutputStream@3a62c01e--successfull---]]>
    </line>
    <line>
      <![CDATA[₹39,990]]>
    </line>
    <line>
      <![CDATA[----java.io.FileOutputStream@25748410--successfull---]]>
    </line>
    <line>
      <![CDATA[₹39,900]]>
    </line>
    <line>
      <![CDATA[----java.io.FileOutputStream@76f7d241--successfull---]]>
    </line>
    <line>
      <![CDATA[₹59,900]]>
    </line>
    <line>
      <![CDATA[----java.io.FileOutputStream@2453f95d--successfull---]]>
    </line>
    <line>
      <![CDATA[₹58,999]]>
    </line>
    <line>
      <![CDATA[----java.io.FileOutputStream@56ace400--successfull---]]>
    </line>
    <line>
      <![CDATA[₹74,900]]>
    </line>
    <line>
      <![CDATA[----java.io.FileOutputStream@269f4bad--successfull---]]>
    </line>
    <line>
      <![CDATA[₹79,999]]>
    </line>
    <line>
      <![CDATA[----java.io.FileOutputStream@366ef90e--successfull---]]>
    </line>
    <line>
      <![CDATA[---------Search results Set to Excelsheet--------------]]>
    </line>
    <line>
      <![CDATA[---------Ending test-------------]]>
    </line>
    <line>
      <![CDATA[Test :FetchNameAndPriceforIphone is PASSSED]]>
    </line>
    <line>
      <![CDATA[Testname : FetchNameAndPriceforIphoneStatus :PASS1]]>
    </line>
  </reporter-output>
  <suite name="Default suite" duration-ms="20032" started-at="2019-06-23T21:37:16Z" finished-at="2019-06-23T21:37:36Z">
    <groups>
    </groups>
    <test name="Default test" duration-ms="20032" started-at="2019-06-23T21:37:16Z" finished-at="2019-06-23T21:37:36Z">
      <class name="com.framework.fetchtheprice.fetch_the_price.FetchNameAndPriceTest">
        <test-method status="PASS" signature="openAPP(java.lang.String, java.lang.String)[pri:0, instance:com.framework.fetchtheprice.fetch_the_price.FetchNameAndPriceTest@1bce4f0a]" name="openAPP" is-config="true" duration-ms="9926" started-at="2019-06-24T03:07:16Z" finished-at="2019-06-24T03:07:26Z">
          <params>
            <param index="0">
              <value>
                <![CDATA[localhost]]>
              </value>
            </param>
            <param index="1">
              <value>
                <![CDATA[chrome]]>
              </value>
            </param>
          </params>
          <reporter-output>
          </reporter-output>
        </test-method> <!-- openAPP -->
        <test-method status="PASS" signature="FetchNameAndPriceforIphone()[pri:0, instance:com.framework.fetchtheprice.fetch_the_price.FetchNameAndPriceTest@1bce4f0a]" name="FetchNameAndPriceforIphone" duration-ms="9137" started-at="2019-06-24T03:07:26Z" finished-at="2019-06-24T03:07:35Z">
          <reporter-output>
            <line>
              <![CDATA[=====starting execution======FetchNameAndPriceforIphone]]>
            </line>
            <line>
              <![CDATA[---------Navigated to Flipcart.com HomePage------------]]>
            </line>
            <line>
              <![CDATA[---------Closing popup------------]]>
            </line>
            <line>
              <![CDATA[---------Entering input data :IPHONE into editbox------------]]>
            </line>
            <line>
              <![CDATA[---------Clicking search------------]]>
            </line>
            <line>
              <![CDATA[---------Redirecting to Results of the search--------------]]>
            </line>
            <line>
              <![CDATA[----No.of Phones---:24]]>
            </line>
            <line>
              <![CDATA[Apple iPhone X (Silver, 64 GB)]]>
            </line>
            <line>
              <![CDATA[----java.io.FileOutputStream@7b5a12ae--successfull---]]>
            </line>
            <line>
              <![CDATA[Apple iPhone X (Space Gray, 64 GB)]]>
            </line>
            <line>
              <![CDATA[----java.io.FileOutputStream@47a5b70d--successfull---]]>
            </line>
            <line>
              <![CDATA[Apple iPhone 6s (Rose Gold, 32 GB)]]>
            </line>
            <line>
              <![CDATA[----java.io.FileOutputStream@c5ee75e--successfull---]]>
            </line>
            <line>
              <![CDATA[Apple iPhone 6s (Silver, 32 GB)]]>
            </line>
            <line>
              <![CDATA[----java.io.FileOutputStream@f478a81--successfull---]]>
            </line>
            <line>
              <![CDATA[Apple iPhone XR (Black, 64 GB)]]>
            </line>
            <line>
              <![CDATA[----java.io.FileOutputStream@32811494--successfull---]]>
            </line>
            <line>
              <![CDATA[Apple iPhone 6s Plus (Silver, 32 GB)]]>
            </line>
            <line>
              <![CDATA[----java.io.FileOutputStream@6475472c--successfull---]]>
            </line>
            <line>
              <![CDATA[Apple iPhone 6s (Gold, 32 GB)]]>
            </line>
            <line>
              <![CDATA[----java.io.FileOutputStream@1951b871--successfull---]]>
            </line>
            <line>
              <![CDATA[Apple iPhone 6s (Space Grey, 32 GB)]]>
            </line>
            <line>
              <![CDATA[----java.io.FileOutputStream@463b4ac8--successfull---]]>
            </line>
            <line>
              <![CDATA[Apple iPhone 6s Plus (Space Grey, 32 GB)]]>
            </line>
            <line>
              <![CDATA[----java.io.FileOutputStream@2a7686a7--successfull---]]>
            </line>
            <line>
              <![CDATA[Apple iPhone XR ((PRODUCT)RED, 64 GB)]]>
            </line>
            <line>
              <![CDATA[----java.io.FileOutputStream@4351c8c3--successfull---]]>
            </line>
            <line>
              <![CDATA[Apple iPhone XR (Black, 128 GB)]]>
            </line>
            <line>
              <![CDATA[----java.io.FileOutputStream@774698ab--successfull---]]>
            </line>
            <line>
              <![CDATA[Apple iPhone XR (White, 64 GB)]]>
            </line>
            <line>
              <![CDATA[----java.io.FileOutputStream@2ccca26f--successfull---]]>
            </line>
            <line>
              <![CDATA[Apple iPhone XR (White, 128 GB)]]>
            </line>
            <line>
              <![CDATA[----java.io.FileOutputStream@5bd82fed--successfull---]]>
            </line>
            <line>
              <![CDATA[Apple iPhone XR (Blue, 64 GB)]]>
            </line>
            <line>
              <![CDATA[----java.io.FileOutputStream@20a14b55--successfull---]]>
            </line>
            <line>
              <![CDATA[Apple iPhone XR (Coral, 128 GB)]]>
            </line>
            <line>
              <![CDATA[----java.io.FileOutputStream@3dd1dc90--successfull---]]>
            </line>
            <line>
              <![CDATA[Apple iPhone 6s Plus (Gold, 32 GB)]]>
            </line>
            <line>
              <![CDATA[----java.io.FileOutputStream@36f48b4--successfull---]]>
            </line>
            <line>
              <![CDATA[Apple iPhone XR (Blue, 128 GB)]]>
            </line>
            <line>
              <![CDATA[----java.io.FileOutputStream@6aecbb8d--successfull---]]>
            </line>
            <line>
              <![CDATA[Apple iPhone 7 (Rose Gold, 128 GB)]]>
            </line>
            <line>
              <![CDATA[----java.io.FileOutputStream@21baa903--successfull---]]>
            </line>
            <line>
              <![CDATA[Apple iPhone 6s Plus (Silver, 16 GB)]]>
            </line>
            <line>
              <![CDATA[----java.io.FileOutputStream@6eeade6c--successfull---]]>
            </line>
            <line>
              <![CDATA[Apple iPhone 7 (Silver, 32 GB)]]>
            </line>
            <line>
              <![CDATA[----java.io.FileOutputStream@57fd91c9--successfull---]]>
            </line>
            <line>
              <![CDATA[Apple iPhone XR (Coral, 64 GB)]]>
            </line>
            <line>
              <![CDATA[----java.io.FileOutputStream@56a4479a--successfull---]]>
            </line>
            <line>
              <![CDATA[Apple iPhone 8 (Gold, 64 GB)]]>
            </line>
            <line>
              <![CDATA[----java.io.FileOutputStream@57eda880--successfull---]]>
            </line>
            <line>
              <![CDATA[Apple iPhone XR (Yellow, 256 GB)]]>
            </line>
            <line>
              <![CDATA[----java.io.FileOutputStream@788fcafb--successfull---]]>
            </line>
            <line>
              <![CDATA[Apple iPhone 8 Plus (Space Grey, 256 GB)]]>
            </line>
            <line>
              <![CDATA[----java.io.FileOutputStream@201b6b6f--successfull---]]>
            </line>
            <line>
              <![CDATA[-----no.of prices- pricelist------:24]]>
            </line>
            <line>
              <![CDATA[₹69,999]]>
            </line>
            <line>
              <![CDATA[----java.io.FileOutputStream@56bca85b--successfull---]]>
            </line>
            <line>
              <![CDATA[₹69,999]]>
            </line>
            <line>
              <![CDATA[----java.io.FileOutputStream@4b672daa--successfull---]]>
            </line>
            <line>
              <![CDATA[₹29,799]]>
            </line>
            <line>
              <![CDATA[----java.io.FileOutputStream@7b324585--successfull---]]>
            </line>
            <line>
              <![CDATA[₹29,799]]>
            </line>
            <line>
              <![CDATA[----java.io.FileOutputStream@6f8f9349--successfull---]]>
            </line>
            <line>
              <![CDATA[₹59,900]]>
            </line>
            <line>
              <![CDATA[----java.io.FileOutputStream@4879f0f2--successfull---]]>
            </line>
            <line>
              <![CDATA[₹34,900]]>
            </line>
            <line>
              <![CDATA[----java.io.FileOutputStream@1fdfafd2--successfull---]]>
            </line>
            <line>
              <![CDATA[₹29,799]]>
            </line>
            <line>
              <![CDATA[----java.io.FileOutputStream@30d4b288--successfull---]]>
            </line>
            <line>
              <![CDATA[₹29,590]]>
            </line>
            <line>
              <![CDATA[----java.io.FileOutputStream@75ed9710--successfull---]]>
            </line>
            <line>
              <![CDATA[₹34,900]]>
            </line>
            <line>
              <![CDATA[----java.io.FileOutputStream@27953a83--successfull---]]>
            </line>
            <line>
              <![CDATA[₹59,490]]>
            </line>
            <line>
              <![CDATA[----java.io.FileOutputStream@3b220bcb--successfull---]]>
            </line>
            <line>
              <![CDATA[₹64,900]]>
            </line>
            <line>
              <![CDATA[----java.io.FileOutputStream@3f053c80--successfull---]]>
            </line>
            <line>
              <![CDATA[₹59,900]]>
            </line>
            <line>
              <![CDATA[----java.io.FileOutputStream@285c08c8--successfull---]]>
            </line>
            <line>
              <![CDATA[₹64,900]]>
            </line>
            <line>
              <![CDATA[----java.io.FileOutputStream@7894f09b--successfull---]]>
            </line>
            <line>
              <![CDATA[₹59,900]]>
            </line>
            <line>
              <![CDATA[----java.io.FileOutputStream@4721d212--successfull---]]>
            </line>
            <line>
              <![CDATA[₹64,900]]>
            </line>
            <line>
              <![CDATA[----java.io.FileOutputStream@630cb4a4--successfull---]]>
            </line>
            <line>
              <![CDATA[₹39,990]]>
            </line>
            <line>
              <![CDATA[----java.io.FileOutputStream@652a7737--successfull---]]>
            </line>
            <line>
              <![CDATA[₹64,900]]>
            </line>
            <line>
              <![CDATA[----java.io.FileOutputStream@24d4d7c9--successfull---]]>
            </line>
            <line>
              <![CDATA[₹52,990]]>
            </line>
            <line>
              <![CDATA[----java.io.FileOutputStream@3a62c01e--successfull---]]>
            </line>
            <line>
              <![CDATA[₹39,990]]>
            </line>
            <line>
              <![CDATA[----java.io.FileOutputStream@25748410--successfull---]]>
            </line>
            <line>
              <![CDATA[₹39,900]]>
            </line>
            <line>
              <![CDATA[----java.io.FileOutputStream@76f7d241--successfull---]]>
            </line>
            <line>
              <![CDATA[₹59,900]]>
            </line>
            <line>
              <![CDATA[----java.io.FileOutputStream@2453f95d--successfull---]]>
            </line>
            <line>
              <![CDATA[₹58,999]]>
            </line>
            <line>
              <![CDATA[----java.io.FileOutputStream@56ace400--successfull---]]>
            </line>
            <line>
              <![CDATA[₹74,900]]>
            </line>
            <line>
              <![CDATA[----java.io.FileOutputStream@269f4bad--successfull---]]>
            </line>
            <line>
              <![CDATA[₹79,999]]>
            </line>
            <line>
              <![CDATA[----java.io.FileOutputStream@366ef90e--successfull---]]>
            </line>
            <line>
              <![CDATA[---------Search results Set to Excelsheet--------------]]>
            </line>
            <line>
              <![CDATA[---------Ending test-------------]]>
            </line>
            <line>
              <![CDATA[Test :FetchNameAndPriceforIphone is PASSSED]]>
            </line>
          </reporter-output>
        </test-method> <!-- FetchNameAndPriceforIphone -->
        <test-method status="PASS" signature="closeAPP(org.testng.ITestResult)[pri:0, instance:com.framework.fetchtheprice.fetch_the_price.FetchNameAndPriceTest@1bce4f0a]" name="closeAPP" is-config="true" duration-ms="953" started-at="2019-06-24T03:07:35Z" finished-at="2019-06-24T03:07:36Z">
          <params>
            <param index="0">
              <value>
                <![CDATA[[TestResult name=FetchNameAndPriceforIphone status=SUCCESS method=FetchNameAndPriceTest.FetchNameAndPriceforIphone()[pri:0, instance:com.framework.fetchtheprice.fetch_the_price.FetchNameAndPriceTest@1bce4f0a] output======starting execution======FetchNameAndPriceforIphone]]]>
              </value>
            </param>
          </params>
          <reporter-output>
            <line>
              <![CDATA[Testname : FetchNameAndPriceforIphoneStatus :PASS1]]>
            </line>
          </reporter-output>
        </test-method> <!-- closeAPP -->
      </class> <!-- com.framework.fetchtheprice.fetch_the_price.FetchNameAndPriceTest -->
    </test> <!-- Default test -->
  </suite> <!-- Default suite -->
</testng-results>
